[2020-03-12T22:16:07.993] [DEBUG] cheese - login => username:zs,password:123456
[2020-03-12T22:16:07.994] [DEBUG] cheese - zs
[2020-03-12T22:16:08.003] [DEBUG] cheese - null
[2020-03-12T22:16:08.004] [DEBUG] cheese - null
[2020-03-12T22:16:30.462] [DEBUG] cheese - login => username:admin,password:123456
[2020-03-12T22:16:30.462] [DEBUG] cheese - admin
[2020-03-12T22:16:30.466] [DEBUG] cheese - null
[2020-03-12T22:16:30.466] [DEBUG] cheese - null
[2020-03-12T23:41:34.753] [DEBUG] cheese - login => username:admin,password:123456
[2020-03-12T23:41:34.754] [DEBUG] cheese - admin
[2020-03-12T23:41:34.763] [DEBUG] cheese - null
[2020-03-12T23:41:34.763] [DEBUG] cheese - null
[2020-03-12T23:51:53.571] [DEBUG] cheese - login => username:admin,password:123456
[2020-03-12T23:51:53.571] [DEBUG] cheese - admin
[2020-03-12T23:51:53.576] [DEBUG] cheese - null
[2020-03-12T23:51:53.576] [DEBUG] cheese - null
[2020-03-13T00:14:27.308] [DEBUG] cheese - login => username:zs,password:123456
[2020-03-13T00:14:27.308] [DEBUG] cheese - zs
[2020-03-13T00:14:27.313] [DEBUG] cheese - null
[2020-03-13T00:14:27.313] [DEBUG] cheese - null
[2020-03-13T00:14:34.438] [DEBUG] cheese - login => username:admin,password:123456
[2020-03-13T00:14:34.438] [DEBUG] cheese - admin
[2020-03-13T00:14:34.440] [DEBUG] cheese - null
[2020-03-13T00:14:34.440] [DEBUG] cheese - null
[2020-03-14T20:37:00.459] [DEBUG] cheese - login => username:admin,password:123456
[2020-03-14T20:37:00.460] [DEBUG] cheese - admin
[2020-03-14T20:37:00.473] [DEBUG] cheese - null
[2020-03-14T20:37:00.474] [DEBUG] cheese - null
[2020-03-14T23:38:04.560] [DEBUG] cheese - login => username:admin,password:123456
[2020-03-14T23:38:04.561] [DEBUG] cheese - admin
[2020-03-14T23:38:04.690] [DEBUG] cheese - null
[2020-03-14T23:38:04.690] [DEBUG] cheese - null
[2020-03-20T12:19:11.826] [DEBUG] cheese - login => username:admin,password:123456
[2020-03-20T12:19:11.827] [DEBUG] cheese - admin
[2020-03-20T12:19:11.869] [DEBUG] cheese - null
[2020-03-20T12:19:11.870] [DEBUG] cheese - null
[2020-03-20T12:21:56.920] [DEBUG] cheese - login => username:admin,password:123456
[2020-03-20T12:21:56.920] [DEBUG] cheese - admin
[2020-03-20T12:21:56.955] [DEBUG] cheese - null
[2020-03-20T12:21:56.956] [DEBUG] cheese - null
[2020-03-20T12:29:05.542] [DEBUG] cheese - login => username:admin,password:123456
[2020-03-20T12:29:05.543] [DEBUG] cheese - admin
[2020-03-20T12:29:05.584] [DEBUG] cheese - null
[2020-03-20T12:29:05.584] [DEBUG] cheese - null
[2020-03-20T19:33:16.874] [DEBUG] cheese - login => username:admin,password:123456
[2020-03-20T19:33:16.875] [DEBUG] cheese - admin
[2020-03-20T19:33:16.915] [DEBUG] cheese - null
[2020-03-20T19:33:16.916] [DEBUG] cheese - null
[2020-03-20T20:30:38.357] [DEBUG] cheese - login => username:admin,password:123456
[2020-03-20T20:30:38.358] [DEBUG] cheese - admin
[2020-03-20T20:30:38.435] [DEBUG] cheese - null
[2020-03-20T20:30:38.435] [DEBUG] cheese - null
[2020-03-20T20:52:22.856] [DEBUG] cheese - { inspect: [Function: inspect] }
[2020-03-20T20:54:41.874] [DEBUG] cheese - { inspect: [Function: inspect] }
[2020-03-20T20:58:21.761] [DEBUG] cheese - { inspect: [Function: inspect] }
[2020-03-20T20:59:55.065] [DEBUG] cheese - { inspect: [Function: inspect] }
[2020-03-20T21:00:35.019] [DEBUG] cheese - { inspect: [Function: inspect] }
[2020-03-20T21:03:24.237] [DEBUG] cheese - { inspect: [Function: inspect] }
[2020-03-20T21:03:58.246] [DEBUG] cheese - { inspect: [Function: inspect] }
[2020-03-20T21:04:06.816] [DEBUG] cheese - { inspect: [Function: inspect] }
[2020-03-20T21:07:50.446] [DEBUG] cheese - { inspect: [Function: inspect] }
[2020-03-20T21:07:50.488] [DEBUG] cheese - { inspect: [Function: inspect] }
[2020-03-20T21:07:58.123] [DEBUG] cheese - { inspect: [Function: inspect] }
[2020-03-20T21:08:00.969] [DEBUG] cheese - { inspect: [Function: inspect] }
[2020-03-20T21:08:10.469] [DEBUG] cheese - { inspect: [Function: inspect] }
[2020-03-20T21:08:24.932] [DEBUG] cheese - { inspect: [Function: inspect] }
[2020-03-20T21:10:02.484] [DEBUG] cheese - null
[2020-03-20T21:10:21.343] [DEBUG] cheese - null
[2020-03-20T21:14:04.941] [DEBUG] cheese - null
[2020-03-20T21:14:16.328] [DEBUG] cheese - null
[2020-03-20T21:14:31.559] [DEBUG] cheese - null
[2020-03-20T21:19:56.094] [DEBUG] cheese - null
[2020-03-20T21:29:46.835] [DEBUG] cheese - null
[2020-03-20T21:30:38.976] [DEBUG] cheese - null
[2020-03-20T21:31:02.298] [DEBUG] cheese - null
[2020-03-20T21:35:29.053] [DEBUG] cheese - null
[2020-03-20T21:48:57.479] [DEBUG] cheese - { inspect: [Function: inspect] }
[2020-03-20T21:51:24.851] [DEBUG] cheese - null
[2020-03-20T21:52:25.952] [DEBUG] cheese - { inspect: [Function: inspect] }
[2020-03-20T21:53:32.831] [DEBUG] cheese - { inspect: [Function: inspect] }
[2020-03-20T21:53:37.058] [DEBUG] cheese - { inspect: [Function: inspect] }
[2020-03-23T12:15:52.562] [DEBUG] cheese - login => username:admin,password:123456
[2020-03-23T12:15:52.563] [DEBUG] cheese - admin
[2020-03-23T12:15:52.614] [DEBUG] cheese - null
[2020-03-23T12:15:52.615] [DEBUG] cheese - null
[2020-03-23T12:33:38.391] [DEBUG] cheese - { inspect: [Function: inspect] }
[2020-03-23T12:35:13.930] [DEBUG] cheese - { inspect: [Function: inspect] }
[2020-03-23T12:35:25.425] [DEBUG] cheese - { inspect: [Function: inspect] }
[2020-03-23T20:16:29.786] [DEBUG] cheese - login => username:admin,password:123456
[2020-03-23T20:16:29.788] [DEBUG] cheese - admin
[2020-03-23T20:16:29.831] [DEBUG] cheese - null
[2020-03-23T20:16:29.831] [DEBUG] cheese - null
[2020-03-25T01:00:44.339] [DEBUG] cheese - login => username:admin,password:123456
[2020-03-25T01:00:44.341] [DEBUG] cheese - admin
[2020-03-25T01:00:44.384] [DEBUG] cheese - null
[2020-03-25T01:00:44.385] [DEBUG] cheese - null
[2020-03-25T01:00:59.646] [DEBUG] cheese - login => username:admin,password:123456
[2020-03-25T01:00:59.646] [DEBUG] cheese - admin
[2020-03-25T01:00:59.685] [DEBUG] cheese - null
[2020-03-25T01:00:59.685] [DEBUG] cheese - null
[2020-03-25T12:39:02.176] [DEBUG] cheese - login => username:StarWarFan,password:StarWarFan
[2020-03-25T12:39:02.178] [DEBUG] cheese - StarWarFan
[2020-03-25T12:39:02.245] [DEBUG] cheese - null
[2020-03-25T12:39:02.246] [DEBUG] cheese - null
[2020-03-25T16:55:12.526] [DEBUG] cheese - login => username:StarWarFan,password:StarWarFan
[2020-03-25T16:55:12.528] [DEBUG] cheese - StarWarFan
[2020-03-25T16:55:12.603] [DEBUG] cheese - null
[2020-03-25T16:55:12.603] [DEBUG] cheese - null
[2020-03-25T16:57:30.263] [DEBUG] cheese - login => username:StarWarFan,password:StarWarFan
[2020-03-25T16:57:30.264] [DEBUG] cheese - StarWarFan
[2020-03-25T16:57:30.368] [DEBUG] cheese - null
[2020-03-25T16:57:30.368] [DEBUG] cheese - null
[2020-03-25T16:59:35.588] [DEBUG] cheese - login => username:StarWarFan,password:StarWarFan
[2020-03-25T16:59:35.589] [DEBUG] cheese - StarWarFan
[2020-03-25T16:59:35.633] [DEBUG] cheese - null
[2020-03-25T16:59:35.633] [DEBUG] cheese - null
[2020-03-25T17:08:06.824] [DEBUG] cheese - login => username:StarWarFan,password:StarWarFan
[2020-03-25T17:08:06.825] [DEBUG] cheese - StarWarFan
[2020-03-25T17:08:06.867] [DEBUG] cheese - null
[2020-03-25T17:08:06.867] [DEBUG] cheese - null
[2020-03-25T17:10:35.609] [DEBUG] cheese - login => username:admin,password:123456
[2020-03-25T17:10:35.609] [DEBUG] cheese - admin
[2020-03-25T17:10:35.645] [DEBUG] cheese - null
[2020-03-25T17:10:35.646] [DEBUG] cheese - null
[2020-03-25T17:12:21.259] [DEBUG] cheese - login => username:admin,password:123456
[2020-03-25T17:12:21.259] [DEBUG] cheese - admin
[2020-03-25T17:12:21.299] [DEBUG] cheese - null
[2020-03-25T17:12:21.299] [DEBUG] cheese - null
[2020-03-25T17:13:23.000] [DEBUG] cheese - login => username:admin,password:123456
[2020-03-25T17:13:23.002] [DEBUG] cheese - admin
[2020-03-25T17:13:23.043] [DEBUG] cheese - null
[2020-03-25T17:13:23.044] [DEBUG] cheese - null
[2020-03-25T17:14:36.269] [DEBUG] cheese - login => username:admin,password:123456
[2020-03-25T17:14:36.270] [DEBUG] cheese - admin
[2020-03-25T17:14:36.311] [DEBUG] cheese - null
[2020-03-25T17:14:36.312] [DEBUG] cheese - null
[2020-03-25T17:25:06.740] [DEBUG] cheese - login => username:admin,password:123456
[2020-03-25T17:25:06.741] [DEBUG] cheese - admin
[2020-03-25T17:25:06.785] [DEBUG] cheese - null
[2020-03-25T17:25:06.785] [DEBUG] cheese - null
[2020-03-25T17:25:48.235] [DEBUG] cheese - login => username:admin,password:123456
[2020-03-25T17:25:48.235] [DEBUG] cheese - admin
[2020-03-25T17:25:48.277] [DEBUG] cheese - null
[2020-03-25T17:25:48.278] [DEBUG] cheese - null
[2020-03-25T17:25:53.681] [DEBUG] cheese - login => username:admin,password:123456
[2020-03-25T17:25:53.682] [DEBUG] cheese - admin
[2020-03-25T17:25:53.731] [DEBUG] cheese - null
[2020-03-25T17:25:53.732] [DEBUG] cheese - null
[2020-03-25T17:26:02.385] [DEBUG] cheese - login => username:admin,password:123456
[2020-03-25T17:26:02.386] [DEBUG] cheese - admin
[2020-03-25T17:26:02.429] [DEBUG] cheese - null
[2020-03-25T17:26:02.429] [DEBUG] cheese - null
[2020-03-25T17:45:52.025] [DEBUG] cheese - login => username:admin,password:123456
[2020-03-25T17:45:52.026] [DEBUG] cheese - admin
[2020-03-25T17:45:52.069] [DEBUG] cheese - null
[2020-03-25T17:45:52.070] [DEBUG] cheese - null
[2020-03-25T17:46:22.650] [DEBUG] cheese - login => username:admin,password:123456
[2020-03-25T17:46:22.651] [DEBUG] cheese - admin
[2020-03-25T17:46:22.689] [DEBUG] cheese - null
[2020-03-25T17:46:22.689] [DEBUG] cheese - null
[2020-03-25T17:46:37.193] [DEBUG] cheese - login => username:StarWarFan,password:StarWarFan
[2020-03-25T17:46:37.193] [DEBUG] cheese - StarWarFan
[2020-03-25T17:46:37.237] [DEBUG] cheese - null
[2020-03-25T17:46:37.237] [DEBUG] cheese - null
[2020-03-25T17:49:08.679] [DEBUG] cheese - login => username:StarWarFan,password:StarWarFan
[2020-03-25T17:49:08.680] [DEBUG] cheese - StarWarFan
[2020-03-25T17:49:08.720] [DEBUG] cheese - null
[2020-03-25T17:49:08.720] [DEBUG] cheese - null
[2020-03-25T17:49:34.195] [DEBUG] cheese - login => username:admin,password:123456
[2020-03-25T17:49:34.195] [DEBUG] cheese - admin
[2020-03-25T17:49:34.241] [DEBUG] cheese - null
[2020-03-25T17:49:34.242] [DEBUG] cheese - null
[2020-03-25T17:49:51.861] [DEBUG] cheese - login => username:StarWarFan,password:StarWarFan
[2020-03-25T17:49:51.861] [DEBUG] cheese - StarWarFan
[2020-03-25T17:49:51.899] [DEBUG] cheese - null
[2020-03-25T17:49:51.899] [DEBUG] cheese - null
[2020-03-25T17:50:06.913] [DEBUG] cheese - login => username:StarWarFan,password:StarWarFan
[2020-03-25T17:50:06.913] [DEBUG] cheese - StarWarFan
[2020-03-25T17:50:06.949] [DEBUG] cheese - null
[2020-03-25T17:50:06.950] [DEBUG] cheese - null
[2020-03-25T18:03:04.165] [DEBUG] cheese - login => username:StarWarFan,password:StarWarFan
[2020-03-25T18:03:04.165] [DEBUG] cheese - StarWarFan
[2020-03-25T18:03:04.203] [DEBUG] cheese - null
[2020-03-25T18:03:04.203] [DEBUG] cheese - null
[2020-03-25T18:08:39.232] [DEBUG] cheese - login => username:admin,password:123456
[2020-03-25T18:08:39.233] [DEBUG] cheese - admin
[2020-03-25T18:08:39.275] [DEBUG] cheese - null
[2020-03-25T18:08:39.276] [DEBUG] cheese - null
[2020-03-25T18:08:55.223] [DEBUG] cheese - login => username:StarWarFan,password:StarWarFan
[2020-03-25T18:08:55.223] [DEBUG] cheese - StarWarFan
[2020-03-25T18:08:55.259] [DEBUG] cheese - null
[2020-03-25T18:08:55.259] [DEBUG] cheese - null
[2020-03-25T18:09:33.388] [DEBUG] cheese - login => username:admin,password:123456
[2020-03-25T18:09:33.389] [DEBUG] cheese - admin
[2020-03-25T18:09:33.436] [DEBUG] cheese - null
[2020-03-25T18:09:33.436] [DEBUG] cheese - null
[2020-03-25T18:09:33.539] [DEBUG] cheese - null
[2020-03-25T18:10:58.270] [DEBUG] cheese - login => username:admin,password:123456
[2020-03-25T18:10:58.271] [DEBUG] cheese - admin
[2020-03-25T18:10:58.311] [DEBUG] cheese - null
[2020-03-25T18:10:58.312] [DEBUG] cheese - null
[2020-03-25T18:10:58.431] [DEBUG] cheese - null
[2020-03-25T18:11:26.931] [DEBUG] cheese - login => username:admin,password:123456
[2020-03-25T18:11:26.932] [DEBUG] cheese - admin
[2020-03-25T18:11:26.978] [DEBUG] cheese - null
[2020-03-25T18:11:26.979] [DEBUG] cheese - null
[2020-03-25T18:11:27.083] [DEBUG] cheese - null
[2020-03-25T18:15:39.074] [DEBUG] cheese - login => username:admin,password:123456
[2020-03-25T18:15:39.075] [DEBUG] cheese - admin
[2020-03-25T18:15:39.118] [DEBUG] cheese - null
[2020-03-25T18:15:39.119] [DEBUG] cheese - null
[2020-03-25T18:15:39.260] [DEBUG] cheese - null
[2020-03-25T18:18:55.151] [DEBUG] cheese - login => username:admin,password:123456
[2020-03-25T18:18:55.152] [DEBUG] cheese - admin
[2020-03-25T18:18:55.194] [DEBUG] cheese - null
[2020-03-25T18:18:55.195] [DEBUG] cheese - null
[2020-03-25T18:18:55.333] [DEBUG] cheese - null
[2020-03-25T18:19:31.134] [DEBUG] cheese - login => username:admin,password:123456
[2020-03-25T18:19:31.136] [DEBUG] cheese - admin
[2020-03-25T18:19:31.183] [DEBUG] cheese - null
[2020-03-25T18:19:31.183] [DEBUG] cheese - null
[2020-03-25T18:22:09.127] [DEBUG] cheese - login => username:admin,password:123456
[2020-03-25T18:22:09.128] [DEBUG] cheese - admin
[2020-03-25T18:22:16.280] [DEBUG] cheese - login => username:admin,password:123456
[2020-03-25T18:22:16.280] [DEBUG] cheese - admin
[2020-03-25T18:23:06.140] [DEBUG] cheese - login => username:admin,password:123456
[2020-03-25T18:23:06.141] [DEBUG] cheese - admin
[2020-03-25T18:23:06.191] [DEBUG] cheese - null
[2020-03-25T18:26:51.305] [DEBUG] cheese - login => username:admin,password:123456
[2020-03-25T18:26:51.307] [DEBUG] cheese - admin
[2020-03-25T18:26:51.351] [DEBUG] cheese - null
[2020-03-25T18:27:47.016] [DEBUG] cheese - login => username:admin,password:123456
[2020-03-25T18:27:47.017] [DEBUG] cheese - admin
[2020-03-25T18:27:47.061] [DEBUG] cheese - null
[2020-03-25T18:27:47.061] [DEBUG] cheese - null
[2020-03-25T18:40:05.477] [DEBUG] cheese - login => username:admin,password:123456
[2020-03-25T18:40:05.477] [DEBUG] cheese - admin
[2020-03-25T18:40:05.518] [DEBUG] cheese - null
[2020-03-25T18:40:05.518] [DEBUG] cheese - null
[2020-03-25T18:41:32.184] [DEBUG] cheese - login => username:admin,password:123456
[2020-03-25T18:41:32.185] [DEBUG] cheese - admin
[2020-03-25T18:41:32.228] [DEBUG] cheese - null
[2020-03-25T18:41:32.228] [DEBUG] cheese - null
[2020-03-25T18:43:33.406] [DEBUG] cheese - login => username:admin,password:123456
[2020-03-25T18:43:33.408] [DEBUG] cheese - admin
[2020-03-25T18:43:33.451] [DEBUG] cheese - null
[2020-03-25T18:43:33.451] [DEBUG] cheese - null
[2020-03-25T18:47:16.152] [DEBUG] cheese - login => username:StarWarFan,password:StarWarFan
[2020-03-25T18:47:16.153] [DEBUG] cheese - StarWarFan
[2020-03-25T18:47:16.247] [DEBUG] cheese - null
[2020-03-25T18:47:16.247] [DEBUG] cheese - null
[2020-03-25T18:49:27.801] [DEBUG] cheese - login => username:StarWarFan,password:StarWarFan
[2020-03-25T18:49:27.802] [DEBUG] cheese - StarWarFan
[2020-03-25T18:49:27.842] [DEBUG] cheese - null
[2020-03-25T18:49:27.842] [DEBUG] cheese - null
[2020-03-25T18:55:44.284] [DEBUG] cheese - login => username:admin,password:123456
[2020-03-25T18:55:44.285] [DEBUG] cheese - admin
[2020-03-25T18:55:44.327] [DEBUG] cheese - null
[2020-03-25T18:55:44.328] [DEBUG] cheese - null
[2020-03-25T20:29:33.390] [DEBUG] cheese - login => username:admin,password:123456
[2020-03-25T20:29:33.392] [DEBUG] cheese - admin
[2020-03-25T20:29:33.448] [DEBUG] cheese - null
[2020-03-25T20:29:33.449] [DEBUG] cheese - null
[2020-03-25T20:54:45.142] [DEBUG] cheese - login => username:admin,password:123456
[2020-03-25T20:54:45.143] [DEBUG] cheese - admin
[2020-03-25T20:54:45.191] [DEBUG] cheese - null
[2020-03-25T20:54:45.192] [DEBUG] cheese - null
[2020-03-25T21:01:00.394] [DEBUG] cheese - login => username:admin,password:123456
[2020-03-25T21:01:00.395] [DEBUG] cheese - admin
[2020-03-25T21:01:00.436] [DEBUG] cheese - null
[2020-03-25T21:01:00.436] [DEBUG] cheese - null
[2020-03-25T22:55:22.654] [DEBUG] cheese - login => username:admin,password:123456
[2020-03-25T22:55:22.655] [DEBUG] cheese - admin
[2020-03-25T22:55:22.698] [DEBUG] cheese - null
[2020-03-25T22:55:22.699] [DEBUG] cheese - null
[2020-03-25T23:00:34.439] [DEBUG] cheese - login => username:admin,password:123456
[2020-03-25T23:00:34.439] [DEBUG] cheese - admin
[2020-03-25T23:00:34.480] [DEBUG] cheese - null
[2020-03-25T23:00:34.480] [DEBUG] cheese - null
[2020-03-25T23:03:35.776] [DEBUG] cheese - login => username:admin,password:123456
[2020-03-25T23:03:35.776] [DEBUG] cheese - admin
[2020-03-25T23:03:35.813] [DEBUG] cheese - null
[2020-03-25T23:03:35.813] [DEBUG] cheese - null
[2020-03-25T23:14:10.944] [DEBUG] cheese - login => username:admin,password:123456
[2020-03-25T23:14:10.945] [DEBUG] cheese - admin
[2020-03-25T23:14:10.987] [DEBUG] cheese - null
[2020-03-25T23:14:10.988] [DEBUG] cheese - null
[2020-03-26T17:41:27.061] [DEBUG] cheese - login => username:admin,password:123456
[2020-03-26T17:41:27.063] [DEBUG] cheese - admin
[2020-03-26T17:41:27.162] [DEBUG] cheese - null
[2020-03-26T17:41:27.163] [DEBUG] cheese - null
[2020-03-26T17:53:09.810] [DEBUG] cheese - login => username:admin,password:123456
[2020-03-26T17:53:09.811] [DEBUG] cheese - admin
[2020-03-26T17:53:10.007] [DEBUG] cheese - null
[2020-03-26T17:53:10.008] [DEBUG] cheese - null
[2020-03-26T18:09:49.953] [DEBUG] cheese - null
[2020-03-26T22:46:55.268] [DEBUG] cheese - login => username:admin,password:123456
[2020-03-26T22:46:55.270] [DEBUG] cheese - admin
[2020-03-26T22:46:55.352] [DEBUG] cheese - null
[2020-03-26T22:46:55.353] [DEBUG] cheese - null
[2020-03-27T10:50:27.669] [DEBUG] cheese - login => username:admin,password:123456
[2020-03-27T10:50:27.673] [DEBUG] cheese - admin
[2020-03-27T10:50:27.780] [DEBUG] cheese - null
[2020-03-27T10:50:27.781] [DEBUG] cheese - null
[2020-03-27T20:24:55.315] [DEBUG] cheese - login => username:admin,password:123456
[2020-03-27T20:24:55.316] [DEBUG] cheese - admin
[2020-03-27T20:24:55.371] [DEBUG] cheese - null
[2020-03-27T20:24:55.372] [DEBUG] cheese - null
[2020-03-28T00:32:42.208] [DEBUG] cheese - login => username:admin,password:123456
[2020-03-28T00:32:42.211] [DEBUG] cheese - admin
[2020-03-28T00:32:42.258] [DEBUG] cheese - null
[2020-03-28T00:32:42.259] [DEBUG] cheese - null
[2020-03-29T00:18:03.550] [DEBUG] cheese - login => username:admin,password:123456
[2020-03-29T00:18:03.551] [DEBUG] cheese - admin
[2020-03-29T00:18:03.594] [DEBUG] cheese - null
[2020-03-29T00:18:03.594] [DEBUG] cheese - null
[2020-03-29T00:18:11.106] [DEBUG] cheese - login => username:admin,password:123456
[2020-03-29T00:18:11.106] [DEBUG] cheese - admin
[2020-03-29T00:18:11.145] [DEBUG] cheese - null
[2020-03-29T00:18:11.146] [DEBUG] cheese - null
[2020-03-29T02:59:31.781] [DEBUG] cheese - login => username:admin,password:123456
[2020-03-29T02:59:31.783] [DEBUG] cheese - admin
[2020-03-29T02:59:31.828] [DEBUG] cheese - null
[2020-03-29T02:59:31.830] [DEBUG] cheese - null
[2020-03-31T17:41:02.052] [DEBUG] cheese - login => username:admin,password:123456
[2020-03-31T17:41:02.053] [DEBUG] cheese - admin
[2020-03-31T17:41:02.099] [DEBUG] cheese - null
[2020-03-31T17:41:02.100] [DEBUG] cheese - null
[2020-03-31T18:01:34.476] [DEBUG] cheese - login => username:admin,password:123456
[2020-03-31T18:01:34.477] [DEBUG] cheese - admin
[2020-03-31T18:01:34.515] [DEBUG] cheese - null
[2020-03-31T18:01:34.515] [DEBUG] cheese - null
